<?xml version="1.0" encoding="UTF-8"?>
<testng-results ignored="0" total="1" passed="1" failed="0" skipped="0">
  <reporter-output>
  </reporter-output>
  <suite started-at="2022-05-25T14:59:26 EDT" name="Suite" finished-at="2022-05-25T14:59:42 EDT" duration-ms="16221">
    <groups>
    </groups>
    <test started-at="2022-05-25T14:59:26 EDT" name="Test" finished-at="2022-05-25T14:59:42 EDT" duration-ms="16221">
      <class name="com.seleniumAutomationWebsiteFrameworkProject.testCases.LoginTestCrm">
        <test-method is-config="true" signature="setupSuite()[pri:0, instance:com.seleniumAutomationWebsiteFrameworkProject.testCases.LoginTestCrm@346d61be]" started-at="2022-05-25T14:59:24 EDT" name="setupSuite" finished-at="2022-05-25T14:59:26 EDT" duration-ms="1373" status="PASS">
          <reporter-output>
          </reporter-output>
        </test-method> <!-- setupSuite -->
        <test-method is-config="true" signature="setUp()[pri:0, instance:com.seleniumAutomationWebsiteFrameworkProject.testCases.LoginTestCrm@346d61be]" started-at="2022-05-25T14:59:26 EDT" name="setUp" finished-at="2022-05-25T14:59:39 EDT" duration-ms="13038" status="PASS">
          <reporter-output>
          </reporter-output>
        </test-method> <!-- setUp -->
        <test-method signature="loginApp()[pri:0, instance:com.seleniumAutomationWebsiteFrameworkProject.testCases.LoginTestCrm@346d61be]" started-at="2022-05-25T14:59:39 EDT" name="loginApp" finished-at="2022-05-25T14:59:42 EDT" duration-ms="3109" status="PASS">
          <reporter-output>
          </reporter-output>
        </test-method> <!-- loginApp -->
      </class> <!-- com.seleniumAutomationWebsiteFrameworkProject.testCases.LoginTestCrm -->
    </test> <!-- Test -->
  </suite> <!-- Suite -->
</testng-results>
